{
  "RSpec": {
    "coverage": {
      "C:/Sites/foodie/config/environment.rb": [
        null,
        1,
        null,
        null,
        1
      ],
      "C:/Sites/foodie/config/application.rb": [
        1,
        null,
        1,
        null,
        1,
        null,
        1,
        null,
        null,
        null,
        null,
        1,
        1,
        null,
        null,
        null,
        null,
        null,
        null,
        null,
        null,
        null,
        null,
        null,
        null,
        null,
        null,
        null,
        null,
        null,
        null,
        null,
        null,
        null,
        null,
        null,
        1,
        null,
        null,
        1,
        null,
        null,
        null,
        null,
        null,
        null,
        null,
        null,
        null,
        null,
        null,
        null,
        null,
        1,
        null,
        null,
        1,
        null,
        null
      ],
      "C:/Sites/foodie/config/boot.rb": [
        1,
        null,
        null,
        1,
        null,
        1
      ],
      "C:/Sites/foodie/config/environments/test.rb": [
        1,
        null,
        null,
        null,
        null,
        null,
        null,
        1,
        null,
        null,
        1,
        1,
        null,
        null,
        1,
        null,
        null,
        1,
        1,
        null,
        null,
        1,
        null,
        null,
        1,
        null,
        null,
        null,
        null,
        1,
        null,
        null,
        1,
        null,
        null,
        1,
        null
      ],
      "C:/Sites/foodie/config/initializers/backtrace_silencers.rb": [
        null,
        null,
        null,
        null,
        null,
        null,
        null
      ],
      "C:/Sites/foodie/config/initializers/inflections.rb": [
        null,
        null,
        null,
        null,
        null,
        null,
        null,
        null,
        null,
        null,
        null,
        null,
        null,
        null,
        null
      ],
      "C:/Sites/foodie/config/initializers/mime_types.rb": [
        null,
        null,
        null,
        null,
        null
      ],
      "C:/Sites/foodie/config/initializers/secret_token.rb": [
        null,
        null,
        null,
        null,
        null,
        null,
        1
      ],
      "C:/Sites/foodie/config/initializers/session_store.rb": [
        null,
        null,
        1,
        null,
        null,
        null,
        null,
        null,
        null
      ],
      "C:/Sites/foodie/config/initializers/wrap_parameters.rb": [
        null,
        null,
        null,
        null,
        null,
        null,
        1,
        1,
        null,
        null,
        null,
        1,
        1,
        null
      ],
      "C:/Sites/foodie/app/controllers/application_controller.rb": [
        1,
        1,
        1,
        null,
        1,
        null,
        null,
        0,
        null,
        null
      ],
      "C:/Sites/foodie/app/helpers/application_helper.rb": [
        1,
        null
      ],
      "C:/Sites/foodie/app/helpers/events_helper.rb": [
        1,
        null
      ],
      "C:/Sites/foodie/app/helpers/rankings_helper.rb": [
        1,
        null
      ],
      "C:/Sites/foodie/app/helpers/ratings_helper.rb": [
        1,
        null
      ],
      "C:/Sites/foodie/app/helpers/restaurants_helper.rb": [
        1,
        null
      ],
      "C:/Sites/foodie/app/helpers/sessions_helper.rb": [
        1,
        null
      ],
      "C:/Sites/foodie/app/helpers/users_helper.rb": [
        1,
        null
      ],
      "C:/Sites/foodie/app/controllers/events_controller.rb": [
        1,
        null,
        null,
        1,
        0,
        null,
        0,
        0,
        0,
        null,
        null,
        null,
        null,
        null,
        1,
        0,
        null,
        0,
        0,
        0,
        null,
        null,
        null,
        null,
        null,
        1,
        0,
        null,
        0,
        0,
        0,
        null,
        null,
        null,
        null,
        1,
        0,
        null,
        null,
        null,
        null,
        1,
        0,
        null,
        0,
        0,
        0,
        0,
        null,
        0,
        0,
        null,
        null,
        null,
        null,
        null,
        null,
        1,
        0,
        null,
        0,
        0,
        0,
        0,
        null,
        0,
        0,
        null,
        null,
        null,
        null,
        null,
        null,
        1,
        0,
        0,
        null,
        0,
        0,
        0,
        null,
        null,
        null
      ],
      "C:/Sites/foodie/app/models/event.rb": [
        1,
        null
      ],
      "C:/Sites/foodie/app/controllers/main_controller.rb": [
        1,
        null,
        null,
        1,
        null,
        null,
        null,
        0,
        0,
        null,
        0,
        0,
        0,
        null,
        null,
        null,
        null,
        null,
        1,
        null,
        0,
        0,
        0,
        null,
        null,
        null,
        null,
        null,
        1,
        0,
        null,
        0,
        0,
        0,
        null,
        null,
        null,
        null,
        null,
        1,
        0,
        null,
        0,
        0,
        0,
        0,
        null,
        0,
        0,
        null,
        null,
        null,
        null
      ],
      "C:/Sites/foodie/app/controllers/rankings_controller.rb": [
        1,
        null,
        null,
        1,
        0,
        null,
        0,
        0,
        0,
        null,
        null,
        null,
        null,
        null,
        1,
        0,
        null,
        0,
        0,
        0,
        null,
        null,
        null,
        null,
        null,
        1,
        0,
        null,
        0,
        0,
        0,
        null,
        null,
        null,
        null,
        1,
        0,
        null,
        null,
        null,
        null,
        1,
        0,
        null,
        0,
        0,
        0,
        0,
        null,
        0,
        0,
        null,
        null,
        null,
        null,
        null,
        null,
        1,
        0,
        null,
        0,
        0,
        0,
        0,
        null,
        0,
        0,
        null,
        null,
        null,
        null,
        null,
        null,
        1,
        0,
        0,
        null,
        0,
        0,
        0,
        null,
        null,
        null
      ],
      "C:/Sites/foodie/app/models/ranking.rb": [
        1,
        null
      ],
      "C:/Sites/foodie/app/controllers/ratings_controller.rb": [
        1,
        null,
        null,
        1,
        0,
        null,
        0,
        0,
        0,
        null,
        null,
        null,
        null,
        null,
        1,
        0,
        null,
        0,
        0,
        0,
        null,
        null,
        null,
        null,
        null,
        1,
        0,
        null,
        0,
        0,
        0,
        null,
        null,
        null,
        null,
        1,
        0,
        null,
        null,
        null,
        null,
        1,
        0,
        null,
        0,
        0,
        0,
        0,
        null,
        0,
        0,
        null,
        null,
        null,
        null,
        null,
        null,
        1,
        0,
        null,
        0,
        0,
        0,
        0,
        null,
        0,
        0,
        null,
        null,
        null,
        null,
        null,
        null,
        1,
        0,
        0,
        null,
        0,
        0,
        0,
        null,
        null,
        null
      ],
      "C:/Sites/foodie/app/models/rating.rb": [
        1,
        1,
        1,
        1,
        1,
        1,
        1,
        1,
        null,
        1,
        null,
        null,
        null,
        null,
        1,
        null,
        1,
        0,
        null,
        null,
        null,
        1,
        0,
        null,
        null,
        null
      ],
      "C:/Sites/foodie/app/controllers/restaurants_controller.rb": [
        1,
        null,
        null,
        1,
        0,
        null,
        0,
        0,
        0,
        null,
        null,
        null,
        null,
        null,
        1,
        0,
        null,
        0,
        0,
        0,
        null,
        null,
        null,
        null,
        null,
        1,
        0,
        null,
        0,
        0,
        0,
        null,
        null,
        null,
        null,
        1,
        0,
        null,
        null,
        null,
        null,
        1,
        0,
        null,
        0,
        0,
        0,
        0,
        null,
        0,
        0,
        null,
        null,
        null,
        null,
        null,
        null,
        1,
        0,
        null,
        0,
        0,
        0,
        0,
        null,
        0,
        0,
        null,
        null,
        null,
        null,
        null,
        null,
        1,
        0,
        0,
        null,
        0,
        0,
        0,
        null,
        null,
        null
      ],
      "C:/Sites/foodie/app/models/restaurant.rb": [
        1,
        1,
        1,
        1,
        1,
        null,
        null
      ],
      "C:/Sites/foodie/app/controllers/sessions_controller.rb": [
        1,
        null,
        1,
        null,
        null,
        1,
        0,
        0,
        0,
        0,
        0,
        null,
        0,
        null,
        0,
        null,
        0,
        null,
        null,
        0,
        0,
        null,
        null,
        null,
        null,
        1,
        null,
        null
      ],
      "C:/Sites/foodie/app/controllers/users_controller.rb": [
        1,
        null,
        null,
        1,
        2,
        null,
        2,
        2,
        2,
        null,
        null,
        null,
        null,
        null,
        1,
        1,
        null,
        1,
        1,
        1,
        null,
        null,
        null,
        null,
        null,
        1,
        1,
        null,
        1,
        1,
        1,
        null,
        null,
        null,
        null,
        1,
        1,
        null,
        null,
        null,
        null,
        1,
        0,
        null,
        0,
        0,
        0,
        0,
        null,
        0,
        0,
        null,
        null,
        null,
        null,
        null,
        null,
        1,
        0,
        null,
        0,
        0,
        0,
        0,
        null,
        0,
        0,
        null,
        null,
        null,
        null,
        null,
        null,
        1,
        1,
        1,
        null,
        1,
        2,
        1,
        null,
        null,
        null
      ],
      "C:/Sites/foodie/app/models/user.rb": [
        1,
        1,
        1,
        1,
        null,
        null,
        null,
        1,
        null
      ],
      "C:/Sites/foodie/config/routes.rb": [
        1,
        1,
        null,
        1,
        null,
        1,
        null,
        1,
        null,
        1,
        null,
        1,
        null,
        1,
        null,
        1,
        1,
        1,
        null,
        1,
        1,
        null,
        1,
        null,
        null,
        null,
        null,
        null,
        null,
        null,
        null,
        null,
        null,
        null,
        null,
        null,
        null,
        null,
        null,
        null,
        null,
        null,
        null,
        null,
        null,
        null,
        null,
        null,
        null,
        null,
        null,
        null,
        null,
        null,
        null,
        null,
        null,
        null,
        null,
        null,
        null,
        null,
        null,
        null,
        null,
        null,
        null,
        null,
        null,
        null,
        null,
        null,
        null,
        null,
        null,
        null,
        null,
        null,
        null,
        null,
        null
      ]
    },
    "timestamp": 1386392663
  }
}
